Using pre-set license
Built from '2022.3/staging' branch; Version is '2022.3.11f1 (d00248457e15) revision 13632072'; Using compiler version '192829333'; Build Type 'Release'
OS: 'Windows 11  (10.0.22621) 64bit CoreSingleLanguage' Language: 'en' Physical Memory: 7514 MB
BatchMode: 1, IsHumanControllingUs: 0, StartBugReporterOnCrash: 0, Is64bit: 1, IsPro: 1

COMMAND LINE ARGUMENTS:
C:\Program Files\Unity\Hub\Editor\2022.3.11f1\Editor\Unity.exe
-adb2
-batchMode
-noUpm
-name
AssetImportWorker0
-projectPath
C:/Users/Dharaneesh/new AR
-logFile
Logs/AssetImportWorker0.log
-srvPort
62106
Successfully changed project path to: C:/Users/Dharaneesh/new AR
C:/Users/Dharaneesh/new AR
[UnityMemory] Configuration Parameters - Can be set up in boot.config
    "memorysetup-bucket-allocator-granularity=16"
    "memorysetup-bucket-allocator-bucket-count=8"
    "memorysetup-bucket-allocator-block-size=33554432"
    "memorysetup-bucket-allocator-block-count=8"
    "memorysetup-main-allocator-block-size=16777216"
    "memorysetup-thread-allocator-block-size=16777216"
    "memorysetup-gfx-main-allocator-block-size=16777216"
    "memorysetup-gfx-thread-allocator-block-size=16777216"
    "memorysetup-cache-allocator-block-size=4194304"
    "memorysetup-typetree-allocator-block-size=2097152"
    "memorysetup-profiler-bucket-allocator-granularity=16"
    "memorysetup-profiler-bucket-allocator-bucket-count=8"
    "memorysetup-profiler-bucket-allocator-block-size=33554432"
    "memorysetup-profiler-bucket-allocator-block-count=8"
    "memorysetup-profiler-allocator-block-size=16777216"
    "memorysetup-profiler-editor-allocator-block-size=1048576"
    "memorysetup-temp-allocator-size-main=16777216"
    "memorysetup-job-temp-allocator-block-size=2097152"
    "memorysetup-job-temp-allocator-block-size-background=1048576"
    "memorysetup-job-temp-allocator-reduction-small-platforms=262144"
    "memorysetup-allocator-temp-initial-block-size-main=262144"
    "memorysetup-allocator-temp-initial-block-size-worker=262144"
    "memorysetup-temp-allocator-size-background-worker=32768"
    "memorysetup-temp-allocator-size-job-worker=262144"
    "memorysetup-temp-allocator-size-preload-manager=33554432"
    "memorysetup-temp-allocator-size-nav-mesh-worker=65536"
    "memorysetup-temp-allocator-size-audio-worker=65536"
    "memorysetup-temp-allocator-size-cloud-worker=32768"
    "memorysetup-temp-allocator-size-gi-baking-worker=262144"
    "memorysetup-temp-allocator-size-gfx=262144"
Player connection [8144] Host "[IP] 192.168.56.1 [Port] 0 [Flags] 2 [Guid] 860594539 [EditorId] 860594539 [Version] 1048832 [Id] WindowsEditor(7,Dharaneesh) [Debug] 1 [PackageName] WindowsEditor [ProjectName] Editor" joined multi-casting on [225.0.0.222:54997]...

Player connection [8144] Host "[IP] 192.168.56.1 [Port] 0 [Flags] 2 [Guid] 860594539 [EditorId] 860594539 [Version] 1048832 [Id] WindowsEditor(7,Dharaneesh) [Debug] 1 [PackageName] WindowsEditor [ProjectName] Editor" joined alternative multi-casting on [225.0.0.222:34997]...

[Physics::Module] Initialized MultithreadedJobDispatcher with 11 workers.
Refreshing native plugins compatible for Editor in 71.24 ms, found 6 plugins.
Preloading 2 native plugins for Editor in 4.97 ms.
Initialize engine version: 2022.3.11f1 (d00248457e15)
[Subsystems] Discovering subsystems at path C:/Program Files/Unity/Hub/Editor/2022.3.11f1/Editor/Data/Resources/UnitySubsystems
[Subsystems] Discovering subsystems at path C:/Users/Dharaneesh/new AR/Assets
GfxDevice: creating device client; threaded=0; jobified=0
Direct3D:
    Version:  Direct3D 11.0 [level 11.1]
    Renderer: NVIDIA GeForce GTX 1650 (ID=0x1f9d)
    Vendor:   NVIDIA
    VRAM:     3962 MB
    Driver:   27.21.14.5734
Invalid texture used for cursor - check importer settings or texture creation. Texture must be RGBA32, readable, have alphaIsTransparency enabled and have no mip chain.
Failed to set the cursor because the specified texture ('6357965') was not CPU accessible.
Initialize mono
Mono path[0] = 'C:/Program Files/Unity/Hub/Editor/2022.3.11f1/Editor/Data/Managed'
Mono path[1] = 'C:/Program Files/Unity/Hub/Editor/2022.3.11f1/Editor/Data/MonoBleedingEdge/lib/mono/unityjit-win32'
Mono config path = 'C:/Program Files/Unity/Hub/Editor/2022.3.11f1/Editor/Data/MonoBleedingEdge/etc'
Using monoOptions --debugger-agent=transport=dt_socket,embedding=1,server=y,suspend=n,address=127.0.0.1:56256
Begin MonoManager ReloadAssembly
Registering precompiled unity dll's ...
Register platform support module: C:/Program Files/Unity/Hub/Editor/2022.3.11f1/Editor/Data/PlaybackEngines/AndroidPlayer/UnityEditor.Android.Extensions.dll
Register platform support module: C:/Program Files/Unity/Hub/Editor/2022.3.11f1/Editor/Data/PlaybackEngines/WindowsStandaloneSupport/UnityEditor.WindowsStandalone.Extensions.dll
Registered in 0.014437 seconds.
- Loaded All Assemblies, in  0.877 seconds
Native extension for WindowsStandalone target not found
Native extension for Android target not found
Android Extension - Scanning For ADB Devices 401 ms
Mono: successfully reloaded assembly
- Finished resetting the current domain, in  0.958 seconds
Domain Reload Profiling: 1833ms
	BeginReloadAssembly (281ms)
		ExecutionOrderSort (0ms)
		DisableScriptedObjects (0ms)
		BackupInstance (0ms)
		ReleaseScriptingObjects (0ms)
		CreateAndSetChildDomain (2ms)
	RebuildCommonClasses (70ms)
	RebuildNativeTypeToScriptingClass (23ms)
	initialDomainReloadingComplete (145ms)
	LoadAllAssembliesAndSetupDomain (355ms)
		LoadAssemblies (281ms)
		RebuildTransferFunctionScriptingTraits (0ms)
		AnalyzeDomain (348ms)
			TypeCache.Refresh (345ms)
				TypeCache.ScanAssembly (308ms)
			ScanForSourceGeneratedMonoScriptInfo (1ms)
			ResolveRequiredComponents (1ms)
	FinalizeReload (959ms)
		ReleaseScriptCaches (0ms)
		RebuildScriptCaches (0ms)
		SetupLoadedEditorAssemblies (843ms)
			LogAssemblyErrors (0ms)
			InitializePlatformSupportModulesInManaged (613ms)
			SetLoadedEditorAssemblies (9ms)
			RefreshPlugins (0ms)
			BeforeProcessingInitializeOnLoad (5ms)
			ProcessInitializeOnLoadAttributes (148ms)
			ProcessInitializeOnLoadMethodAttributes (69ms)
			AfterProcessingInitializeOnLoad (0ms)
			EditorAssembliesLoaded (0ms)
		ExecutionOrderSort2 (0ms)
		AwakeInstancesAfterBackupRestoration (0ms)
========================================================================
Worker process is ready to serve import requests
Begin MonoManager ReloadAssembly
- Loaded All Assemblies, in  1.658 seconds
Refreshing native plugins compatible for Editor in 11.60 ms, found 6 plugins.
Native extension for WindowsStandalone target not found
Native extension for Android target not found
Package Manager log level set to [2]
[Package Manager] Server::EnsureServerProcessIsRunning -- launch failed, reason: Unity was launched with the -noUpm command-line argument
[Package Manager] UpmClient::Send -- Unable to send message (not connected to UPM process).
[Package Manager] Cannot connect to Unity Package Manager local server
Mono: successfully reloaded assembly
- Finished resetting the current domain, in  1.536 seconds
Domain Reload Profiling: 3187ms
	BeginReloadAssembly (353ms)
		ExecutionOrderSort (0ms)
		DisableScriptedObjects (12ms)
		BackupInstance (0ms)
		ReleaseScriptingObjects (0ms)
		CreateAndSetChildDomain (46ms)
	RebuildCommonClasses (64ms)
	RebuildNativeTypeToScriptingClass (12ms)
	initialDomainReloadingComplete (62ms)
	LoadAllAssembliesAndSetupDomain (1158ms)
		LoadAssemblies (907ms)
		RebuildTransferFunctionScriptingTraits (0ms)
		AnalyzeDomain (483ms)
			TypeCache.Refresh (435ms)
				TypeCache.ScanAssembly (357ms)
			ScanForSourceGeneratedMonoScriptInfo (33ms)
			ResolveRequiredComponents (10ms)
	FinalizeReload (1537ms)
		ReleaseScriptCaches (0ms)
		RebuildScriptCaches (0ms)
		SetupLoadedEditorAssemblies (1158ms)
			LogAssemblyErrors (0ms)
			InitializePlatformSupportModulesInManaged (60ms)
			SetLoadedEditorAssemblies (11ms)
			RefreshPlugins (0ms)
			BeforeProcessingInitializeOnLoad (161ms)
			ProcessInitializeOnLoadAttributes (865ms)
			ProcessInitializeOnLoadMethodAttributes (51ms)
			AfterProcessingInitializeOnLoad (9ms)
			EditorAssembliesLoaded (1ms)
		ExecutionOrderSort2 (0ms)
		AwakeInstancesAfterBackupRestoration (15ms)
Launched and connected shader compiler UnityShaderCompiler.exe after 0.11 seconds
Refreshing native plugins compatible for Editor in 20.34 ms, found 6 plugins.
Preloading 2 native plugins for Editor in 0.21 ms.
Unloading 3210 Unused Serialized files (Serialized files now loaded: 0)
Unloading 52 unused Assets / (64.9 KB). Loaded Objects now: 3983.
Memory consumption went from 144.4 MB to 144.4 MB.
Total: 11.932500 ms (FindLiveObjects: 0.530600 ms CreateObjectMapping: 0.126000 ms MarkObjects: 6.475000 ms  DeleteObjects: 4.797000 ms)

AssetImportParameters requested are different than current active one (requested -> active):
  custom:container-demuxer-ogg: 62fdf1f143b41e24485cea50d1cbac27 -> 
  custom:video-decoder-ogg-theora: a1e56fd34408186e4bbccfd4996cb3dc -> 
  custom:framework-win-MediaFoundation: 216162199b28c13a410421893ffa2e32 -> 
  custom:container-demuxer-webm: 4f35f7cbe854078d1ac9338744f61a02 -> 
  custom:container-muxer-webm: aa71ff27fc2769a1b78a27578f13a17b -> 
  custom:video-decoder-webm-vp8: 9c59270c3fd7afecdb556c50c9e8de78 -> 
  custom:AudioImporter_EditorPlatform: d09bf68614088b80899f8185d706f6e7 -> 
  custom:video-encoder-webm-vp8: eb34c28f22e8b96e1ab97ce403110664 -> 
  custom:audio-decoder-ogg-vorbis: bf7c407c2cedff20999df2af8eb42d56 -> 
  custom:audio-encoder-webm-vorbis: bf7c407c2cedff20999df2af8eb42d56 -> 
========================================================================
Received Import Request.
  Time since last request: 835316.841729 seconds.
  path: Assets/Scenes/1.mp3
  artifactKey: Guid(796bb1cfcec0f884a87d32631f823477) Importer(815301076,1909f56bfc062723c751e8b465ee728b)
Start importing Assets/Scenes/1.mp3 using Guid(796bb1cfcec0f884a87d32631f823477) Importer(815301076,1909f56bfc062723c751e8b465ee728b)  -> (artifact id: 'f44a39fb90962b0987672704e7aa433f') in 0.284012 seconds
Number of updated asset objects reloaded before import = 0
Number of asset objects unloaded after import = 2
========================================================================
Received Import Request.
  Time since last request: 0.000110 seconds.
  path: Assets/Scenes/lungs.mp3
  artifactKey: Guid(6712a912830b53a49b35cf7931209ca8) Importer(815301076,1909f56bfc062723c751e8b465ee728b)
Start importing Assets/Scenes/lungs.mp3 using Guid(6712a912830b53a49b35cf7931209ca8) Importer(815301076,1909f56bfc062723c751e8b465ee728b)  -> (artifact id: 'e891cb6ad7f753bee038b3f8fb712388') in 0.019966 seconds
Number of updated asset objects reloaded before import = 0
Number of asset objects unloaded after import = 2
========================================================================
Received Import Request.
  Time since last request: 0.000069 seconds.
  path: Assets/Scenes/lungs info.mp3
  artifactKey: Guid(23160cb1b7d893d4ba70c715c2eb4b90) Importer(815301076,1909f56bfc062723c751e8b465ee728b)
Start importing Assets/Scenes/lungs info.mp3 using Guid(23160cb1b7d893d4ba70c715c2eb4b90) Importer(815301076,1909f56bfc062723c751e8b465ee728b)  -> (artifact id: 'b73f0446d6a9678f8f47f6feb5bf6e62') in 0.020682 seconds
Number of updated asset objects reloaded before import = 0
Number of asset objects unloaded after import = 2
========================================================================
Received Import Request.
  Time since last request: 0.000591 seconds.
  path: Assets/Scenes/Login Screen.png
  artifactKey: Guid(cb22e808439d168419e1b865c23d021e) Importer(815301076,1909f56bfc062723c751e8b465ee728b)
Start importing Assets/Scenes/Login Screen.png using Guid(cb22e808439d168419e1b865c23d021e) Importer(815301076,1909f56bfc062723c751e8b465ee728b)  -> (artifact id: '7ad19616402cb2284e980bf281af64c0') in 0.195508 seconds
Number of updated asset objects reloaded before import = 0
Number of asset objects unloaded after import = 3
========================================================================
Received Import Request.
  Time since last request: 0.000069 seconds.
  path: Assets/Scenes/kidneyu.mp3
  artifactKey: Guid(32c9bda59cde6264aad8221338725504) Importer(815301076,1909f56bfc062723c751e8b465ee728b)
Start importing Assets/Scenes/kidneyu.mp3 using Guid(32c9bda59cde6264aad8221338725504) Importer(815301076,1909f56bfc062723c751e8b465ee728b)  -> (artifact id: '517bccc7d258306c6592773a1cae326e') in 0.013003 seconds
Number of updated asset objects reloaded before import = 0
Number of asset objects unloaded after import = 2
========================================================================
Received Import Request.
  Time since last request: 0.000151 seconds.
  path: Assets/Scenes/NACL.png
  artifactKey: Guid(e0361e975b9a78c43a83af136d3f9298) Importer(815301076,1909f56bfc062723c751e8b465ee728b)
Start importing Assets/Scenes/NACL.png using Guid(e0361e975b9a78c43a83af136d3f9298) Importer(815301076,1909f56bfc062723c751e8b465ee728b)  -> (artifact id: '11414cb7b4d0739a7b79005c40c98c45') in 0.057329 seconds
Number of updated asset objects reloaded before import = 0
Number of asset objects unloaded after import = 3
========================================================================
Received Import Request.
  Time since last request: 0.000059 seconds.
  path: Assets/Scenes/Form.png
  artifactKey: Guid(595d170259609894ea2545598e4f04e1) Importer(815301076,1909f56bfc062723c751e8b465ee728b)
Start importing Assets/Scenes/Form.png using Guid(595d170259609894ea2545598e4f04e1) Importer(815301076,1909f56bfc062723c751e8b465ee728b)  -> (artifact id: 'da2e1dd889154850c5bb99ee74c06f9c') in 0.034938 seconds
Number of updated asset objects reloaded before import = 0
Number of asset objects unloaded after import = 3
========================================================================
Received Import Request.
  Time since last request: 0.000039 seconds.
  path: Assets/Scenes/logo app.png
  artifactKey: Guid(60abc8d0478d0034a95f5d88080043fc) Importer(815301076,1909f56bfc062723c751e8b465ee728b)
Start importing Assets/Scenes/logo app.png using Guid(60abc8d0478d0034a95f5d88080043fc) Importer(815301076,1909f56bfc062723c751e8b465ee728b)  -> (artifact id: 'bd081d2fcee87c783956879afce67a76') in 0.036921 seconds
Number of updated asset objects reloaded before import = 0
Number of asset objects unloaded after import = 2
========================================================================
Received Import Request.
  Time since last request: 0.000055 seconds.
  path: Assets/Scenes/naclinfo.mp3
  artifactKey: Guid(646441c03a1f2244e949391e061d12f4) Importer(815301076,1909f56bfc062723c751e8b465ee728b)
Start importing Assets/Scenes/naclinfo.mp3 using Guid(646441c03a1f2244e949391e061d12f4) Importer(815301076,1909f56bfc062723c751e8b465ee728b)  -> (artifact id: '8a04aa471f9022050c4ba39064e18ee8') in 0.017314 seconds
Number of updated asset objects reloaded before import = 0
Number of asset objects unloaded after import = 2
========================================================================
Received Import Request.
  Time since last request: 0.000100 seconds.
  path: Assets/Scenes/brain.png
  artifactKey: Guid(5cabb3e2d38264441946ad3054709e1a) Importer(815301076,1909f56bfc062723c751e8b465ee728b)
Start importing Assets/Scenes/brain.png using Guid(5cabb3e2d38264441946ad3054709e1a) Importer(815301076,1909f56bfc062723c751e8b465ee728b)  -> (artifact id: '2e5da34b39eca234dc36eee02af6eaa1') in 0.073174 seconds
Number of updated asset objects reloaded before import = 0
Number of asset objects unloaded after import = 3
========================================================================
Received Import Request.
  Time since last request: 0.000050 seconds.
  path: Assets/Scenes/nacl.mp3
  artifactKey: Guid(bd511e194abc38742a7d5463a790f996) Importer(815301076,1909f56bfc062723c751e8b465ee728b)
Start importing Assets/Scenes/nacl.mp3 using Guid(bd511e194abc38742a7d5463a790f996) Importer(815301076,1909f56bfc062723c751e8b465ee728b)  -> (artifact id: '9d0252c261f8f2f2ee732ab2dac022ed') in 0.018174 seconds
Number of updated asset objects reloaded before import = 0
Number of asset objects unloaded after import = 2
========================================================================
Received Import Request.
  Time since last request: 0.003061 seconds.
  path: Assets/Scenes/3.mp3
  artifactKey: Guid(18783b1550f68f84486aec532f8c5f81) Importer(815301076,1909f56bfc062723c751e8b465ee728b)
Start importing Assets/Scenes/3.mp3 using Guid(18783b1550f68f84486aec532f8c5f81) Importer(815301076,1909f56bfc062723c751e8b465ee728b)  -> (artifact id: 'd44ae180f83dafe6ac7e35cc7b607b5a') in 0.013955 seconds
Number of updated asset objects reloaded before import = 0
Number of asset objects unloaded after import = 2
========================================================================
Received Import Request.
  Time since last request: 0.000064 seconds.
  path: Assets/Scenes/HEART.png
  artifactKey: Guid(77d5e29534e2c9c44af79e959df2f904) Importer(815301076,1909f56bfc062723c751e8b465ee728b)
Start importing Assets/Scenes/HEART.png using Guid(77d5e29534e2c9c44af79e959df2f904) Importer(815301076,1909f56bfc062723c751e8b465ee728b)  -> (artifact id: '2efa037d5a4291173f77c791ac6dedc8') in 0.065492 seconds
Number of updated asset objects reloaded before import = 0
Number of asset objects unloaded after import = 3
========================================================================
Received Import Request.
  Time since last request: 0.000061 seconds.
  path: Assets/Scenes/KIDNEY.png
  artifactKey: Guid(c37594c2b46fe0640a68aa9932f5bd41) Importer(815301076,1909f56bfc062723c751e8b465ee728b)
Start importing Assets/Scenes/KIDNEY.png using Guid(c37594c2b46fe0640a68aa9932f5bd41) Importer(815301076,1909f56bfc062723c751e8b465ee728b)  -> (artifact id: '36846db4ae938f2a1208f343279681bb') in 0.095961 seconds
Number of updated asset objects reloaded before import = 0
Number of asset objects unloaded after import = 3
========================================================================
Received Import Request.
  Time since last request: 0.000047 seconds.
  path: Assets/Scenes/magnifying-glass (1).png
  artifactKey: Guid(8ea0801d6d925804f864b3f141d6d6cf) Importer(815301076,1909f56bfc062723c751e8b465ee728b)
Start importing Assets/Scenes/magnifying-glass (1).png using Guid(8ea0801d6d925804f864b3f141d6d6cf) Importer(815301076,1909f56bfc062723c751e8b465ee728b)  -> (artifact id: '9d91e9b6cd24a42c87f44bb49e257c00') in 0.038021 seconds
Number of updated asset objects reloaded before import = 0
Number of asset objects unloaded after import = 3
========================================================================
Received Import Request.
  Time since last request: 0.000035 seconds.
  path: Assets/Scenes/brain info.mp3
  artifactKey: Guid(c5196062618b07d48ab58c484f40bef1) Importer(815301076,1909f56bfc062723c751e8b465ee728b)
Start importing Assets/Scenes/brain info.mp3 using Guid(c5196062618b07d48ab58c484f40bef1) Importer(815301076,1909f56bfc062723c751e8b465ee728b)  -> (artifact id: 'e24a9078975f42c9e0c3762285a2fb7c') in 0.013291 seconds
Number of updated asset objects reloaded before import = 0
Number of asset objects unloaded after import = 2
========================================================================
Received Import Request.
  Time since last request: 0.000048 seconds.
  path: Assets/Scenes/eye.mp3
  artifactKey: Guid(e1469974432cee6409651af750c6eaad) Importer(815301076,1909f56bfc062723c751e8b465ee728b)
Start importing Assets/Scenes/eye.mp3 using Guid(e1469974432cee6409651af750c6eaad) Importer(815301076,1909f56bfc062723c751e8b465ee728b)  -> (artifact id: '37b3eab73f66bf0abd382a54a9ee31de') in 0.013414 seconds
Number of updated asset objects reloaded before import = 0
Number of asset objects unloaded after import = 2
========================================================================
Received Import Request.
  Time since last request: 0.000037 seconds.
  path: Assets/Scenes/Fancyy2_baseColor.jpeg
  artifactKey: Guid(9e74653899f923741942237d7bfa0ffc) Importer(815301076,1909f56bfc062723c751e8b465ee728b)
Start importing Assets/Scenes/Fancyy2_baseColor.jpeg using Guid(9e74653899f923741942237d7bfa0ffc) Importer(815301076,1909f56bfc062723c751e8b465ee728b)  -> (artifact id: '5b54f9be13293519ad9fbdb598f2ebe2') in 0.174176 seconds
Number of updated asset objects reloaded before import = 0
Number of asset objects unloaded after import = 2
========================================================================
Received Import Request.
  Time since last request: 0.000048 seconds.
  path: Assets/Scenes/info.png
  artifactKey: Guid(8dd757114d64dd54689b804844c5c332) Importer(815301076,1909f56bfc062723c751e8b465ee728b)
Start importing Assets/Scenes/info.png using Guid(8dd757114d64dd54689b804844c5c332) Importer(815301076,1909f56bfc062723c751e8b465ee728b)  -> (artifact id: '7d1cfe85636317950702b5ce5c603fe2') in 0.040292 seconds
Number of updated asset objects reloaded before import = 0
Number of asset objects unloaded after import = 3
========================================================================
Received Prepare
Refreshing native plugins compatible for Editor in 17.66 ms, found 6 plugins.
Preloading 2 native plugins for Editor in 0.15 ms.
Unloading 0 Unused Serialized files (Serialized files now loaded: 0)
Unloading 1 unused Assets / (0.8 KB). Loaded Objects now: 4001.
Memory consumption went from 83.2 MB to 83.2 MB.
Total: 5.768500 ms (FindLiveObjects: 0.585000 ms CreateObjectMapping: 0.128900 ms MarkObjects: 4.987300 ms  DeleteObjects: 0.065200 ms)

Prepare: number of updated asset objects reloaded= 0
AssetImportParameters requested are different than current active one (requested -> active):
  custom:container-demuxer-ogg: 62fdf1f143b41e24485cea50d1cbac27 -> 
  custom:video-decoder-ogg-theora: a1e56fd34408186e4bbccfd4996cb3dc -> 
  custom:framework-win-MediaFoundation: 216162199b28c13a410421893ffa2e32 -> 
  custom:CustomObjectIndexerAttribute: 756ad292c208cfabdd7b50bc23989ffe -> 
  custom:container-demuxer-webm: 4f35f7cbe854078d1ac9338744f61a02 -> 
  custom:container-muxer-webm: aa71ff27fc2769a1b78a27578f13a17b -> 
  custom:video-decoder-webm-vp8: 9c59270c3fd7afecdb556c50c9e8de78 -> 
  custom:SearchIndexIgnoredProperties: e643bd26f0fe6173181afceb89e7c659 -> 
  custom:AudioImporter_EditorPlatform: d09bf68614088b80899f8185d706f6e7 -> 
  custom:video-encoder-webm-vp8: eb34c28f22e8b96e1ab97ce403110664 -> 
  custom:audio-decoder-ogg-vorbis: bf7c407c2cedff20999df2af8eb42d56 -> 
  custom:audio-encoder-webm-vorbis: bf7c407c2cedff20999df2af8eb42d56 -> 
========================================================================
Received Import Request.
  Time since last request: 8.582141 seconds.
  path: Assets/Scenes/WhatsApp Image 2024-11-06 at 10.24.58_82acbe58.jpg
  artifactKey: Guid(6beb44c326ae6be4ab840ebddb97bf55) Importer(815301076,1909f56bfc062723c751e8b465ee728b)
Start importing Assets/Scenes/WhatsApp Image 2024-11-06 at 10.24.58_82acbe58.jpg using Guid(6beb44c326ae6be4ab840ebddb97bf55) Importer(815301076,1909f56bfc062723c751e8b465ee728b)  -> (artifact id: '4e87002712ea423383ed321cd8ae8b0b') in 0.065432 seconds
Number of updated asset objects reloaded before import = 0
Number of asset objects unloaded after import = 3
========================================================================
Received Import Request.
  Time since last request: 0.000023 seconds.
  path: Assets/Scenes/zoom (1).png
  artifactKey: Guid(530369e2f56ae2e4d8c67ab2182bbb7d) Importer(815301076,1909f56bfc062723c751e8b465ee728b)
Start importing Assets/Scenes/zoom (1).png using Guid(530369e2f56ae2e4d8c67ab2182bbb7d) Importer(815301076,1909f56bfc062723c751e8b465ee728b)  -> (artifact id: '21fdd283850a2223fd7c1a8ce00ea00d') in 0.019926 seconds
Number of updated asset objects reloaded before import = 0
Number of asset objects unloaded after import = 3
