Using pre-set license
Built from '2022.3/staging' branch; Version is '2022.3.11f1 (d00248457e15) revision 13632072'; Using compiler version '192829333'; Build Type 'Release'
OS: 'Windows 11  (10.0.22621) 64bit CoreSingleLanguage' Language: 'en' Physical Memory: 7514 MB
BatchMode: 1, IsHumanControllingUs: 0, StartBugReporterOnCrash: 0, Is64bit: 1, IsPro: 1

COMMAND LINE ARGUMENTS:
C:\Program Files\Unity\Hub\Editor\2022.3.11f1\Editor\Unity.exe
-adb2
-batchMode
-noUpm
-name
AssetImportWorker2
-projectPath
C:/Users/Dharaneesh/new AR
-logFile
Logs/AssetImportWorker2.log
-srvPort
62106
Successfully changed project path to: C:/Users/Dharaneesh/new AR
C:/Users/Dharaneesh/new AR
[UnityMemory] Configuration Parameters - Can be set up in boot.config
    "memorysetup-bucket-allocator-granularity=16"
    "memorysetup-bucket-allocator-bucket-count=8"
    "memorysetup-bucket-allocator-block-size=33554432"
    "memorysetup-bucket-allocator-block-count=8"
    "memorysetup-main-allocator-block-size=16777216"
    "memorysetup-thread-allocator-block-size=16777216"
    "memorysetup-gfx-main-allocator-block-size=16777216"
    "memorysetup-gfx-thread-allocator-block-size=16777216"
    "memorysetup-cache-allocator-block-size=4194304"
    "memorysetup-typetree-allocator-block-size=2097152"
    "memorysetup-profiler-bucket-allocator-granularity=16"
    "memorysetup-profiler-bucket-allocator-bucket-count=8"
    "memorysetup-profiler-bucket-allocator-block-size=33554432"
    "memorysetup-profiler-bucket-allocator-block-count=8"
    "memorysetup-profiler-allocator-block-size=16777216"
    "memorysetup-profiler-editor-allocator-block-size=1048576"
    "memorysetup-temp-allocator-size-main=16777216"
    "memorysetup-job-temp-allocator-block-size=2097152"
    "memorysetup-job-temp-allocator-block-size-background=1048576"
    "memorysetup-job-temp-allocator-reduction-small-platforms=262144"
    "memorysetup-allocator-temp-initial-block-size-main=262144"
    "memorysetup-allocator-temp-initial-block-size-worker=262144"
    "memorysetup-temp-allocator-size-background-worker=32768"
    "memorysetup-temp-allocator-size-job-worker=262144"
    "memorysetup-temp-allocator-size-preload-manager=33554432"
    "memorysetup-temp-allocator-size-nav-mesh-worker=65536"
    "memorysetup-temp-allocator-size-audio-worker=65536"
    "memorysetup-temp-allocator-size-cloud-worker=32768"
    "memorysetup-temp-allocator-size-gi-baking-worker=262144"
    "memorysetup-temp-allocator-size-gfx=262144"
Player connection [8172] Host "[IP] 192.168.56.1 [Port] 0 [Flags] 2 [Guid] 230994164 [EditorId] 230994164 [Version] 1048832 [Id] WindowsEditor(7,Dharaneesh) [Debug] 1 [PackageName] WindowsEditor [ProjectName] Editor" joined multi-casting on [225.0.0.222:54997]...

Player connection [8172] Host "[IP] 192.168.56.1 [Port] 0 [Flags] 2 [Guid] 230994164 [EditorId] 230994164 [Version] 1048832 [Id] WindowsEditor(7,Dharaneesh) [Debug] 1 [PackageName] WindowsEditor [ProjectName] Editor" joined alternative multi-casting on [225.0.0.222:34997]...

[Physics::Module] Initialized MultithreadedJobDispatcher with 11 workers.
Refreshing native plugins compatible for Editor in 70.72 ms, found 6 plugins.
Preloading 2 native plugins for Editor in 4.96 ms.
Initialize engine version: 2022.3.11f1 (d00248457e15)
[Subsystems] Discovering subsystems at path C:/Program Files/Unity/Hub/Editor/2022.3.11f1/Editor/Data/Resources/UnitySubsystems
[Subsystems] Discovering subsystems at path C:/Users/Dharaneesh/new AR/Assets
GfxDevice: creating device client; threaded=0; jobified=0
Direct3D:
    Version:  Direct3D 11.0 [level 11.1]
    Renderer: NVIDIA GeForce GTX 1650 (ID=0x1f9d)
    Vendor:   NVIDIA
    VRAM:     3962 MB
    Driver:   27.21.14.5734
Invalid texture used for cursor - check importer settings or texture creation. Texture must be RGBA32, readable, have alphaIsTransparency enabled and have no mip chain.
Failed to set the cursor because the specified texture ('6357965') was not CPU accessible.
Initialize mono
Mono path[0] = 'C:/Program Files/Unity/Hub/Editor/2022.3.11f1/Editor/Data/Managed'
Mono path[1] = 'C:/Program Files/Unity/Hub/Editor/2022.3.11f1/Editor/Data/MonoBleedingEdge/lib/mono/unityjit-win32'
Mono config path = 'C:/Program Files/Unity/Hub/Editor/2022.3.11f1/Editor/Data/MonoBleedingEdge/etc'
Using monoOptions --debugger-agent=transport=dt_socket,embedding=1,server=y,suspend=n,address=127.0.0.1:56264
Begin MonoManager ReloadAssembly
Registering precompiled unity dll's ...
Register platform support module: C:/Program Files/Unity/Hub/Editor/2022.3.11f1/Editor/Data/PlaybackEngines/AndroidPlayer/UnityEditor.Android.Extensions.dll
Register platform support module: C:/Program Files/Unity/Hub/Editor/2022.3.11f1/Editor/Data/PlaybackEngines/WindowsStandaloneSupport/UnityEditor.WindowsStandalone.Extensions.dll
Registered in 0.014320 seconds.
- Loaded All Assemblies, in  0.897 seconds
Native extension for WindowsStandalone target not found
Native extension for Android target not found
Android Extension - Scanning For ADB Devices 394 ms
Mono: successfully reloaded assembly
- Finished resetting the current domain, in  0.930 seconds
Domain Reload Profiling: 1823ms
	BeginReloadAssembly (288ms)
		ExecutionOrderSort (0ms)
		DisableScriptedObjects (0ms)
		BackupInstance (0ms)
		ReleaseScriptingObjects (0ms)
		CreateAndSetChildDomain (2ms)
	RebuildCommonClasses (77ms)
	RebuildNativeTypeToScriptingClass (22ms)
	initialDomainReloadingComplete (152ms)
	LoadAllAssembliesAndSetupDomain (354ms)
		LoadAssemblies (286ms)
		RebuildTransferFunctionScriptingTraits (0ms)
		AnalyzeDomain (348ms)
			TypeCache.Refresh (344ms)
				TypeCache.ScanAssembly (308ms)
			ScanForSourceGeneratedMonoScriptInfo (1ms)
			ResolveRequiredComponents (1ms)
	FinalizeReload (931ms)
		ReleaseScriptCaches (0ms)
		RebuildScriptCaches (0ms)
		SetupLoadedEditorAssemblies (821ms)
			LogAssemblyErrors (0ms)
			InitializePlatformSupportModulesInManaged (594ms)
			SetLoadedEditorAssemblies (10ms)
			RefreshPlugins (0ms)
			BeforeProcessingInitializeOnLoad (5ms)
			ProcessInitializeOnLoadAttributes (151ms)
			ProcessInitializeOnLoadMethodAttributes (60ms)
			AfterProcessingInitializeOnLoad (0ms)
			EditorAssembliesLoaded (0ms)
		ExecutionOrderSort2 (0ms)
		AwakeInstancesAfterBackupRestoration (0ms)
========================================================================
Worker process is ready to serve import requests
Begin MonoManager ReloadAssembly
- Loaded All Assemblies, in  1.613 seconds
Refreshing native plugins compatible for Editor in 10.44 ms, found 6 plugins.
Native extension for WindowsStandalone target not found
Native extension for Android target not found
Package Manager log level set to [2]
[Package Manager] Server::EnsureServerProcessIsRunning -- launch failed, reason: Unity was launched with the -noUpm command-line argument
[Package Manager] UpmClient::Send -- Unable to send message (not connected to UPM process).
[Package Manager] Cannot connect to Unity Package Manager local server
Mono: successfully reloaded assembly
- Finished resetting the current domain, in  1.563 seconds
Domain Reload Profiling: 3169ms
	BeginReloadAssembly (369ms)
		ExecutionOrderSort (0ms)
		DisableScriptedObjects (8ms)
		BackupInstance (0ms)
		ReleaseScriptingObjects (0ms)
		CreateAndSetChildDomain (51ms)
	RebuildCommonClasses (59ms)
	RebuildNativeTypeToScriptingClass (13ms)
	initialDomainReloadingComplete (57ms)
	LoadAllAssembliesAndSetupDomain (1105ms)
		LoadAssemblies (932ms)
		RebuildTransferFunctionScriptingTraits (0ms)
		AnalyzeDomain (420ms)
			TypeCache.Refresh (374ms)
				TypeCache.ScanAssembly (336ms)
			ScanForSourceGeneratedMonoScriptInfo (31ms)
			ResolveRequiredComponents (10ms)
	FinalizeReload (1565ms)
		ReleaseScriptCaches (0ms)
		RebuildScriptCaches (0ms)
		SetupLoadedEditorAssemblies (1207ms)
			LogAssemblyErrors (0ms)
			InitializePlatformSupportModulesInManaged (71ms)
			SetLoadedEditorAssemblies (7ms)
			RefreshPlugins (0ms)
			BeforeProcessingInitializeOnLoad (137ms)
			ProcessInitializeOnLoadAttributes (931ms)
			ProcessInitializeOnLoadMethodAttributes (53ms)
			AfterProcessingInitializeOnLoad (7ms)
			EditorAssembliesLoaded (1ms)
		ExecutionOrderSort2 (0ms)
		AwakeInstancesAfterBackupRestoration (18ms)
Launched and connected shader compiler UnityShaderCompiler.exe after 0.11 seconds
Refreshing native plugins compatible for Editor in 20.37 ms, found 6 plugins.
Preloading 2 native plugins for Editor in 0.24 ms.
Unloading 3210 Unused Serialized files (Serialized files now loaded: 0)
Unloading 52 unused Assets / (64.9 KB). Loaded Objects now: 3983.
Memory consumption went from 144.4 MB to 144.4 MB.
Total: 14.123000 ms (FindLiveObjects: 1.897200 ms CreateObjectMapping: 0.512400 ms MarkObjects: 9.070800 ms  DeleteObjects: 2.639100 ms)

AssetImportParameters requested are different than current active one (requested -> active):
  custom:container-demuxer-ogg: 62fdf1f143b41e24485cea50d1cbac27 -> 
  custom:video-decoder-ogg-theora: a1e56fd34408186e4bbccfd4996cb3dc -> 
  custom:framework-win-MediaFoundation: 216162199b28c13a410421893ffa2e32 -> 
  custom:container-demuxer-webm: 4f35f7cbe854078d1ac9338744f61a02 -> 
  custom:container-muxer-webm: aa71ff27fc2769a1b78a27578f13a17b -> 
  custom:video-decoder-webm-vp8: 9c59270c3fd7afecdb556c50c9e8de78 -> 
  custom:AudioImporter_EditorPlatform: d09bf68614088b80899f8185d706f6e7 -> 
  custom:video-encoder-webm-vp8: eb34c28f22e8b96e1ab97ce403110664 -> 
  custom:audio-decoder-ogg-vorbis: bf7c407c2cedff20999df2af8eb42d56 -> 
  custom:audio-encoder-webm-vorbis: bf7c407c2cedff20999df2af8eb42d56 -> 
========================================================================
Received Import Request.
  Time since last request: 835316.714505 seconds.
  path: Assets/Scenes/2.mp3
  artifactKey: Guid(ff81a42d4d6aea04ab4c5d577ff9ed2e) Importer(815301076,1909f56bfc062723c751e8b465ee728b)
Start importing Assets/Scenes/2.mp3 using Guid(ff81a42d4d6aea04ab4c5d577ff9ed2e) Importer(815301076,1909f56bfc062723c751e8b465ee728b)  -> (artifact id: 'cc76ce95d2ab2fddfe8df50a567e6e6a') in 0.162530 seconds
Number of updated asset objects reloaded before import = 0
Number of asset objects unloaded after import = 2
========================================================================
Received Import Request.
  Time since last request: 0.000060 seconds.
  path: Assets/Scenes/ElevenLabs_2024-11-06T14_47_29_Callum_pre_s50_sb75_se0_b_m2.mp3
  artifactKey: Guid(88ee28f918eac7f498d441f5062c2189) Importer(815301076,1909f56bfc062723c751e8b465ee728b)
Start importing Assets/Scenes/ElevenLabs_2024-11-06T14_47_29_Callum_pre_s50_sb75_se0_b_m2.mp3 using Guid(88ee28f918eac7f498d441f5062c2189) Importer(815301076,1909f56bfc062723c751e8b465ee728b)  -> (artifact id: 'b1d74aae5ba60852681783ac542b9c54') in 0.012848 seconds
Number of updated asset objects reloaded before import = 0
Number of asset objects unloaded after import = 2
========================================================================
Received Import Request.
  Time since last request: 0.000111 seconds.
  path: Assets/Scenes/heart.mp3
  artifactKey: Guid(3405b6024582d9b479093ec776876f78) Importer(815301076,1909f56bfc062723c751e8b465ee728b)
Start importing Assets/Scenes/heart.mp3 using Guid(3405b6024582d9b479093ec776876f78) Importer(815301076,1909f56bfc062723c751e8b465ee728b)  -> (artifact id: '95cdb1e1e5c35ab6d13909ab50968ac4') in 0.048108 seconds
Number of updated asset objects reloaded before import = 0
Number of asset objects unloaded after import = 2
========================================================================
Received Import Request.
  Time since last request: 0.000080 seconds.
  path: Assets/Scenes/EYE.png
  artifactKey: Guid(310b710c3256d1642ad4f68f52b3fb53) Importer(815301076,1909f56bfc062723c751e8b465ee728b)
Start importing Assets/Scenes/EYE.png using Guid(310b710c3256d1642ad4f68f52b3fb53) Importer(815301076,1909f56bfc062723c751e8b465ee728b)  -> (artifact id: '50614c2a661fe032a8d1d0a36f21016a') in 0.109740 seconds
Number of updated asset objects reloaded before import = 0
Number of asset objects unloaded after import = 3
========================================================================
Received Import Request.
  Time since last request: 0.000050 seconds.
  path: Assets/Scenes/joystick.png
  artifactKey: Guid(458ba38f5addd6245b240b02d9402c61) Importer(815301076,1909f56bfc062723c751e8b465ee728b)
Start importing Assets/Scenes/joystick.png using Guid(458ba38f5addd6245b240b02d9402c61) Importer(815301076,1909f56bfc062723c751e8b465ee728b)  -> (artifact id: '08954ff2e3265568e88e9cc66fdfa9c4') in 0.043093 seconds
Number of updated asset objects reloaded before import = 0
Number of asset objects unloaded after import = 3
========================================================================
Received Import Request.
  Time since last request: 0.000063 seconds.
  path: Assets/Scenes/0122.mp3
  artifactKey: Guid(052014caf8aa2a046aff58ba224916a0) Importer(815301076,1909f56bfc062723c751e8b465ee728b)
Start importing Assets/Scenes/0122.mp3 using Guid(052014caf8aa2a046aff58ba224916a0) Importer(815301076,1909f56bfc062723c751e8b465ee728b)  -> (artifact id: '533a640fe7b76248376f4e68cb4931db') in 0.022018 seconds
Number of updated asset objects reloaded before import = 0
Number of asset objects unloaded after import = 2
========================================================================
Received Import Request.
  Time since last request: 0.000107 seconds.
  path: Assets/Scenes/magnifying-glass.png
  artifactKey: Guid(be77b1252fcea254a9a63493f75e405f) Importer(815301076,1909f56bfc062723c751e8b465ee728b)
Start importing Assets/Scenes/magnifying-glass.png using Guid(be77b1252fcea254a9a63493f75e405f) Importer(815301076,1909f56bfc062723c751e8b465ee728b)  -> (artifact id: '33b5c75d2432dc7d70a398ffdf82d465') in 0.056134 seconds
Number of updated asset objects reloaded before import = 0
Number of asset objects unloaded after import = 3
========================================================================
Received Import Request.
  Time since last request: 0.000093 seconds.
  path: Assets/Scenes/Book_baseColor.jpeg
  artifactKey: Guid(aaa85fc55d46fa94fb37ac276b84957f) Importer(815301076,1909f56bfc062723c751e8b465ee728b)
Start importing Assets/Scenes/Book_baseColor.jpeg using Guid(aaa85fc55d46fa94fb37ac276b84957f) Importer(815301076,1909f56bfc062723c751e8b465ee728b)  -> (artifact id: 'e6a947c5246dc5456e0ec4dd36e624da') in 0.141508 seconds
Number of updated asset objects reloaded before import = 0
Number of asset objects unloaded after import = 2
========================================================================
Received Import Request.
  Time since last request: 0.000056 seconds.
  path: Assets/Scenes/InShot_20241029_203925536.jpg
  artifactKey: Guid(daa8ca5307e49a1438b1c2207e53e33b) Importer(815301076,1909f56bfc062723c751e8b465ee728b)
Start importing Assets/Scenes/InShot_20241029_203925536.jpg using Guid(daa8ca5307e49a1438b1c2207e53e33b) Importer(815301076,1909f56bfc062723c751e8b465ee728b)  -> (artifact id: '60f281bf4260760653683db070be0ffe') in 0.120887 seconds
Number of updated asset objects reloaded before import = 0
Number of asset objects unloaded after import = 3
========================================================================
Received Import Request.
  Time since last request: 0.000070 seconds.
  path: Assets/Scenes/kidneyinfo.mp3
  artifactKey: Guid(80dc6f8f63a55924b8fc36729485150d) Importer(815301076,1909f56bfc062723c751e8b465ee728b)
Start importing Assets/Scenes/kidneyinfo.mp3 using Guid(80dc6f8f63a55924b8fc36729485150d) Importer(815301076,1909f56bfc062723c751e8b465ee728b)  -> (artifact id: 'a1ceebf4feb9f77914735e5736f2a0f0') in 0.015831 seconds
Number of updated asset objects reloaded before import = 0
Number of asset objects unloaded after import = 2
========================================================================
Received Import Request.
  Time since last request: 0.000053 seconds.
  path: Assets/Scenes/New Material.mat
  artifactKey: Guid(65928b57bf20f93438895304519e1682) Importer(815301076,1909f56bfc062723c751e8b465ee728b)
Start importing Assets/Scenes/New Material.mat using Guid(65928b57bf20f93438895304519e1682) Importer(815301076,1909f56bfc062723c751e8b465ee728b)  -> (artifact id: '1ed99cd25fb39a9ebe2698cbc6c267ea') in 0.176255 seconds
Number of updated asset objects reloaded before import = 0
Number of asset objects unloaded after import = 2
========================================================================
Received Import Request.
  Time since last request: 0.000067 seconds.
  path: Assets/Scenes/CupBoard_baseColor.jpeg
  artifactKey: Guid(e2e7fe27e86492d4c9bd4a44c6cc22c4) Importer(815301076,1909f56bfc062723c751e8b465ee728b)
Start importing Assets/Scenes/CupBoard_baseColor.jpeg using Guid(e2e7fe27e86492d4c9bd4a44c6cc22c4) Importer(815301076,1909f56bfc062723c751e8b465ee728b)  -> (artifact id: '07e67a8087657aed8390de706b15658b') in 0.085114 seconds
Number of updated asset objects reloaded before import = 0
Number of asset objects unloaded after import = 2
========================================================================
Received Import Request.
  Time since last request: 0.000047 seconds.
  path: Assets/Scenes/material_baseColor.jpeg
  artifactKey: Guid(47078d171c01efb40aba180bd682a78c) Importer(815301076,1909f56bfc062723c751e8b465ee728b)
Start importing Assets/Scenes/material_baseColor.jpeg using Guid(47078d171c01efb40aba180bd682a78c) Importer(815301076,1909f56bfc062723c751e8b465ee728b)  -> (artifact id: '1480e623cd31fdbf229128a3f3727c81') in 0.130131 seconds
Number of updated asset objects reloaded before import = 0
Number of asset objects unloaded after import = 2
========================================================================
Received Import Request.
  Time since last request: 0.000102 seconds.
  path: Assets/Scenes/heart info.mp3
  artifactKey: Guid(ae7141c76a7b7cb4bbe454449411249d) Importer(815301076,1909f56bfc062723c751e8b465ee728b)
Start importing Assets/Scenes/heart info.mp3 using Guid(ae7141c76a7b7cb4bbe454449411249d) Importer(815301076,1909f56bfc062723c751e8b465ee728b)  -> (artifact id: '8607fd3cb4babfe6ac2eca98e570e695') in 0.014739 seconds
Number of updated asset objects reloaded before import = 0
Number of asset objects unloaded after import = 2
========================================================================
Received Import Request.
  Time since last request: 0.000066 seconds.
  path: Assets/Scenes/left-arrow (2).png
  artifactKey: Guid(04a26b65ecfde0948b4237d8b85d0e5b) Importer(815301076,1909f56bfc062723c751e8b465ee728b)
Start importing Assets/Scenes/left-arrow (2).png using Guid(04a26b65ecfde0948b4237d8b85d0e5b) Importer(815301076,1909f56bfc062723c751e8b465ee728b)  -> (artifact id: '22cf741a325461cdfcad6c4f7f9bd0ef') in 0.063190 seconds
Number of updated asset objects reloaded before import = 0
Number of asset objects unloaded after import = 3
========================================================================
Received Import Request.
  Time since last request: 0.000666 seconds.
  path: Assets/Scenes/Light_baseColor.png
  artifactKey: Guid(c09ee5e7277ebe147afc1bdaab26b6bd) Importer(815301076,1909f56bfc062723c751e8b465ee728b)
Start importing Assets/Scenes/Light_baseColor.png using Guid(c09ee5e7277ebe147afc1bdaab26b6bd) Importer(815301076,1909f56bfc062723c751e8b465ee728b)  -> (artifact id: '6ee836c4a6822c4ea9a204d7f8e50367') in 0.124542 seconds
Number of updated asset objects reloaded before import = 0
Number of asset objects unloaded after import = 2
========================================================================
Received Import Request.
  Time since last request: 0.000084 seconds.
  path: Assets/Scenes/6357965.png
  artifactKey: Guid(878b3db2028413a4791bf04a9372c696) Importer(815301076,1909f56bfc062723c751e8b465ee728b)
Start importing Assets/Scenes/6357965.png using Guid(878b3db2028413a4791bf04a9372c696) Importer(815301076,1909f56bfc062723c751e8b465ee728b)  -> (artifact id: 'd3a759d3264245ddb667dd03044a31cc') in 0.036997 seconds
Number of updated asset objects reloaded before import = 0
Number of asset objects unloaded after import = 2
========================================================================
Received Prepare
Refreshing native plugins compatible for Editor in 17.56 ms, found 6 plugins.
Preloading 2 native plugins for Editor in 0.15 ms.
Unloading 0 Unused Serialized files (Serialized files now loaded: 0)
Unloading 1 unused Assets / (0.8 KB). Loaded Objects now: 4032.
Memory consumption went from 83.5 MB to 83.5 MB.
Total: 5.888300 ms (FindLiveObjects: 0.659400 ms CreateObjectMapping: 0.196600 ms MarkObjects: 4.980800 ms  DeleteObjects: 0.049100 ms)

Prepare: number of updated asset objects reloaded= 0
AssetImportParameters requested are different than current active one (requested -> active):
  custom:container-demuxer-ogg: 62fdf1f143b41e24485cea50d1cbac27 -> 
  custom:video-decoder-ogg-theora: a1e56fd34408186e4bbccfd4996cb3dc -> 
  custom:framework-win-MediaFoundation: 216162199b28c13a410421893ffa2e32 -> 
  custom:CustomObjectIndexerAttribute: 756ad292c208cfabdd7b50bc23989ffe -> 
  custom:container-demuxer-webm: 4f35f7cbe854078d1ac9338744f61a02 -> 
  custom:container-muxer-webm: aa71ff27fc2769a1b78a27578f13a17b -> 
  custom:video-decoder-webm-vp8: 9c59270c3fd7afecdb556c50c9e8de78 -> 
  custom:SearchIndexIgnoredProperties: e643bd26f0fe6173181afceb89e7c659 -> 
  custom:AudioImporter_EditorPlatform: d09bf68614088b80899f8185d706f6e7 -> 
  custom:video-encoder-webm-vp8: eb34c28f22e8b96e1ab97ce403110664 -> 
  custom:audio-decoder-ogg-vorbis: bf7c407c2cedff20999df2af8eb42d56 -> 
  custom:audio-encoder-webm-vorbis: bf7c407c2cedff20999df2af8eb42d56 -> 
========================================================================
Received Import Request.
  Time since last request: 8.570633 seconds.
  path: Assets/Scenes/WhatsApp Image 2024-10-30 at 13.07.04_059ba769.jpg
  artifactKey: Guid(cafdac9ef0fae1c4595e1d3c6430d64f) Importer(815301076,1909f56bfc062723c751e8b465ee728b)
Start importing Assets/Scenes/WhatsApp Image 2024-10-30 at 13.07.04_059ba769.jpg using Guid(cafdac9ef0fae1c4595e1d3c6430d64f) Importer(815301076,1909f56bfc062723c751e8b465ee728b)  -> (artifact id: '65928166d226ab0ddbfc5fc75aec859f') in 0.038775 seconds
Number of updated asset objects reloaded before import = 0
Number of asset objects unloaded after import = 3
========================================================================
Received Import Request.
  Time since last request: 0.000020 seconds.
  path: Assets/Scenes/zoom (2).png
  artifactKey: Guid(a3c1ee7e107be4047b5cb238223ea15a) Importer(815301076,1909f56bfc062723c751e8b465ee728b)
Start importing Assets/Scenes/zoom (2).png using Guid(a3c1ee7e107be4047b5cb238223ea15a) Importer(815301076,1909f56bfc062723c751e8b465ee728b)  -> (artifact id: '473850060f21bb3c7ed311ee24915f0e') in 0.025989 seconds
Number of updated asset objects reloaded before import = 0
Number of asset objects unloaded after import = 3
========================================================================
Received Import Request.
  Time since last request: 0.000027 seconds.
  path: Assets/Scenes/—Pngtree—start button_6669021.png
  artifactKey: Guid(2462fb2a8d5eb8847af90f1d0ce4c4c2) Importer(815301076,1909f56bfc062723c751e8b465ee728b)
Start importing Assets/Scenes/—Pngtree—start button_6669021.png using Guid(2462fb2a8d5eb8847af90f1d0ce4c4c2) Importer(815301076,1909f56bfc062723c751e8b465ee728b)  -> (artifact id: '66fff8d546adbbe43efba5716f247dae') in 0.029865 seconds
Number of updated asset objects reloaded before import = 0
Number of asset objects unloaded after import = 3
========================================================================
Received Import Request.
  Time since last request: 1.579059 seconds.
  path: Assets/Scenes/screen2.unity
  artifactKey: Guid(9fc0d4010bbf28b4594072e72b8655ab) Importer(815301076,1909f56bfc062723c751e8b465ee728b)
Start importing Assets/Scenes/screen2.unity using Guid(9fc0d4010bbf28b4594072e72b8655ab) Importer(815301076,1909f56bfc062723c751e8b465ee728b)  -> (artifact id: '7e585432e67b70308618cf2fb8932e1c') in 0.000854 seconds
Number of updated asset objects reloaded before import = 0
Number of asset objects unloaded after import = 0
========================================================================
Received Import Request.
  Time since last request: 1.383591 seconds.
  path: Assets/Scenes/screen3.unity
  artifactKey: Guid(677741dc37ed8644f8b44fdc25068483) Importer(815301076,1909f56bfc062723c751e8b465ee728b)
Start importing Assets/Scenes/screen3.unity using Guid(677741dc37ed8644f8b44fdc25068483) Importer(815301076,1909f56bfc062723c751e8b465ee728b)  -> (artifact id: 'ce321fba92a5af96927c1515d0d6fff8') in 0.001053 seconds
Number of updated asset objects reloaded before import = 0
Number of asset objects unloaded after import = 0
